#
# There is insufficient memory for the Java Runtime Environment to continue.
# Native memory allocation (malloc) failed to allocate 1048576 bytes for AllocateHeap
# Possible reasons:
#   The system is out of physical RAM or swap space
#   The process is running with CompressedOops enabled, and the Java Heap may be blocking the growth of the native heap
# Possible solutions:
#   Reduce memory load on the system
#   Increase physical memory or swap space
#   Check if swap backing store is full
#   Decrease Java heap size (-Xmx/-Xms)
#   Decrease number of Java threads
#   Decrease Java thread stack sizes (-Xss)
#   Set larger code cache with -XX:ReservedCodeCacheSize=
#   JVM is running with Unscaled Compressed Oops mode in which the Java heap is
#     placed in the first 4GB address space. The Java Heap base address is the
#     maximum limit for the native heap growth. Please use -XX:HeapBaseMinAddress
#     to set the Java Heap base and to place the Java Heap above 4GB virtual address.
# This output file may be truncated or incomplete.
#
#  Out of Memory Error (memory/allocation.inline.hpp:61), pid=7244, tid=0x0000000000004260
#
# JRE version:  (8.0_451) (build )
# Java VM: Java HotSpot(TM) 64-Bit Server VM (25.451-b10 mixed mode windows-amd64 compressed oops)
# Failed to write core dump. Minidumps are not enabled by default on client versions of Windows
#

---------------  T H R E A D  ---------------

Current thread (0x00000271fb109800):  JavaThread "Unknown thread" [_thread_in_vm, id=16992, stack(0x000000fe7c700000,0x000000fe7c800000)]

Stack: [0x000000fe7c700000,0x000000fe7c800000]
Native frames: (J=compiled Java code, j=interpreted, Vv=VM code, C=native code)
V  [jvm.dll+0x34bd89]
V  [jvm.dll+0x2890f2]
V  [jvm.dll+0x289cc0]
V  [jvm.dll+0x27dc95]
V  [jvm.dll+0x4fad]
V  [jvm.dll+0x3e988c]
V  [jvm.dll+0x3e5817]
V  [jvm.dll+0x104e0f]
V  [jvm.dll+0x21819b]
V  [jvm.dll+0x24900a]
V  [jvm.dll+0x16c2d6]
C  [javaw.exe+0x2422]
C  [javaw.exe+0x19a22]
C  [KERNEL32.DLL+0x1259d]
C  [ntdll.dll+0x5af78]


---------------  P R O C E S S  ---------------

Java Threads: ( => current thread )

Other Threads:

=>0x00000271fb109800 (exited) JavaThread "Unknown thread" [_thread_in_vm, id=16992, stack(0x000000fe7c700000,0x000000fe7c800000)]

VM state:not at safepoint (normal execution)

VM Mutex/Monitor currently owned by a thread: None

heap address: 0x00000000ff000000, size: 16 MB, Compressed Oops mode: 32-bit
Narrow klass base: 0x0000000000000000, Narrow klass shift: 3
Compressed class space size: 1073741824 Address: 0x0000000100000000

Heap:
 PSYoungGen      total 4608K, used 81K [0x00000000ffb00000, 0x0000000100000000, 0x0000000100000000)
  eden space 4096K, 2% used [0x00000000ffb00000,0x00000000ffb147b8,0x00000000fff00000)
  from space 512K, 0% used [0x00000000fff80000,0x00000000fff80000,0x0000000100000000)
  to   space 512K, 0% used [0x00000000fff00000,0x00000000fff00000,0x00000000fff80000)
 ParOldGen       total 11264K, used 0K [0x00000000ff000000, 0x00000000ffb00000, 0x00000000ffb00000)
  object space 11264K, 0% used [0x00000000ff000000,0x00000000ff000000,0x00000000ffb00000)
 Metaspace       used 752K, capacity 4480K, committed 4480K, reserved 1056768K
  class space    used 76K, capacity 384K, committed 384K, reserved 1048576K

Card table byte_map: [0x00000271fcfb0000,0x00000271fcfc0000] byte_map_base: 0x00000271fc7b8000

Marking Bits: (ParMarkBitMap*) 0x00007ffdc4880200
 Begin Bits: [0x00000271fcfd0000, 0x00000271fd010000)
 End Bits:   [0x00000271fd010000, 0x00000271fd050000)

Polling page: 0x00000271fcbc0000

CodeCache: size=245760Kb used=328Kb max_used=328Kb free=245431Kb
 bounds [0x0000027180000000, 0x0000027180270000, 0x000002718f000000]
 total_blobs=57 nmethods=0 adapters=38
 compilation: enabled

Compilation events (0 events):
No events

GC Heap History (0 events):
No events

Deoptimization events (0 events):
No events

Classes redefined (0 events):
No events

Internal exceptions (0 events):
No events

Events (10 events):
Event: 0.070 loading class java/lang/Short
Event: 0.070 loading class java/lang/Short done
Event: 0.070 loading class java/lang/Integer
Event: 0.071 loading class java/lang/Integer done
Event: 0.071 loading class java/lang/Long
Event: 0.071 loading class java/lang/Long done
Event: 0.071 loading class java/lang/NullPointerException
Event: 0.071 loading class java/lang/NullPointerException done
Event: 0.071 loading class java/lang/ArithmeticException
Event: 0.071 loading class java/lang/ArithmeticException done


Dynamic libraries:
0x00007ff61b580000 - 0x00007ff61b5cf000 	C:\Program Files\Java\jre1.8.0_451\bin\javaw.exe
0x00007ffe1c6f0000 - 0x00007ffe1c907000 	C:\Windows\SYSTEM32\ntdll.dll
0x00007ffe1b690000 - 0x00007ffe1b754000 	C:\Windows\System32\KERNEL32.DLL
0x00007ffe19df0000 - 0x00007ffe1a1c2000 	C:\Windows\System32\KERNELBASE.dll
0x00007ffe1ad10000 - 0x00007ffe1adc1000 	C:\Windows\System32\ADVAPI32.dll
0x00007ffe1b840000 - 0x00007ffe1b8e7000 	C:\Windows\System32\msvcrt.dll
0x00007ffe1abb0000 - 0x00007ffe1ac58000 	C:\Windows\System32\sechost.dll
0x00007ffe197e0000 - 0x00007ffe19808000 	C:\Windows\System32\bcrypt.dll
0x00007ffe1c110000 - 0x00007ffe1c227000 	C:\Windows\System32\RPCRT4.dll
0x00007ffe1a9f0000 - 0x00007ffe1aba1000 	C:\Windows\System32\USER32.dll
0x00007ffe19a10000 - 0x00007ffe19a36000 	C:\Windows\System32\win32u.dll
0x00007ffe1b8f0000 - 0x00007ffe1b919000 	C:\Windows\System32\GDI32.dll
0x00007ffe1a250000 - 0x00007ffe1a373000 	C:\Windows\System32\gdi32full.dll
0x00007ffe19d50000 - 0x00007ffe19dea000 	C:\Windows\System32\msvcp_win.dll
0x00007ffe19ac0000 - 0x00007ffe19bd1000 	C:\Windows\System32\ucrtbase.dll
0x00007ffdfdae0000 - 0x00007ffdfdd7b000 	C:\Windows\WinSxS\amd64_microsoft.windows.common-controls_6595b64144ccf1df_6.0.22621.5697_none_27154c497380d676\COMCTL32.dll
0x00007ffe1c0d0000 - 0x00007ffe1c101000 	C:\Windows\System32\IMM32.DLL
0x00007ffdfbe70000 - 0x00007ffdfbe8b000 	C:\Program Files\Java\jre1.8.0_451\bin\vcruntime140.dll
0x00007ffdfbe60000 - 0x00007ffdfbe6c000 	C:\Program Files\Java\jre1.8.0_451\bin\vcruntime140_1.dll
0x00007ffde0110000 - 0x00007ffde019e000 	C:\Program Files\Java\jre1.8.0_451\bin\msvcp140.dll
0x00007ffdc4050000 - 0x00007ffdc48fa000 	C:\Program Files\Java\jre1.8.0_451\bin\server\jvm.dll
0x00007ffe1ac60000 - 0x00007ffe1ac68000 	C:\Windows\System32\PSAPI.DLL
0x00007ffe14140000 - 0x00007ffe1414a000 	C:\Windows\SYSTEM32\VERSION.dll
0x00007ffe141c0000 - 0x00007ffe141f4000 	C:\Windows\SYSTEM32\WINMM.dll
0x00007ffe09100000 - 0x00007ffe09109000 	C:\Windows\SYSTEM32\WSOCK32.dll
0x00007ffe1ac90000 - 0x00007ffe1ad01000 	C:\Windows\System32\ws2_32.DLL
0x00007ffe18780000 - 0x00007ffe18798000 	C:\Windows\SYSTEM32\kernel.appcore.dll
0x00007ffdfbd10000 - 0x00007ffdfbd20000 	C:\Program Files\Java\jre1.8.0_451\bin\verify.dll
0x00007ffdf4f70000 - 0x00007ffdf4f9b000 	C:\Program Files\Java\jre1.8.0_451\bin\java.dll
0x00007ffdfbcf0000 - 0x00007ffdfbd08000 	C:\Program Files\Java\jre1.8.0_451\bin\zip.dll
0x00007ffe17250000 - 0x00007ffe17483000 	C:\Windows\SYSTEM32\dbghelp.dll
0x00007ffe1c230000 - 0x00007ffe1c5c2000 	C:\Windows\System32\combase.dll
0x00007ffe1c5d0000 - 0x00007ffe1c6a8000 	C:\Windows\System32\OLEAUT32.dll
0x00007ffe1a1d0000 - 0x00007ffe1a24b000 	C:\Windows\System32\bcryptPrimitives.dll

VM Arguments:
jvm_args: -Xmx16m 
java_command: org.eclipse.jdt.internal.launching.support.LibraryDetector
java_class_path (initial): C:\Users\ritik\AppData\Roaming\Code\User\globalStorage\redhat.java\1.44.0\config_ss_win\org.eclipse.osgi\39\0\.cp\lib\launchingsupport.jar
Launcher Type: SUN_STANDARD

Environment Variables:
PATH=C:\Program Files\Common Files\Oracle\Java\javapath;C:\Program Files (x86)\Common Files\Oracle\Java\java8path;C:\Program Files (x86)\Common Files\Oracle\Java\javapath;C:\Windows\system32;C:\Windows;C:\Windows\System32\Wbem;C:\Windows\System32\WindowsPowerShell\v1.0\;C:\Windows\System32\OpenSSH\;C:\Program Files (x86)\NVIDIA Corporation\PhysX\Common;C:\MinGW\bin;C:\Program Files\nodejs\;C:\ProgramData\chocolatey\bin;C:\Program Files\NVIDIA Corporation\NVIDIA app\NvDLISR;C:\Program Files\MongoDB\Server\7.0\bin;C:\Program Files\Java\jdk-24\bin;C:\Program Files\Git\cmd;C:\Program Files\MySQL\MySQL Shell 8.0\bin\;C:\Users\ritik\AppData\Local\Microsoft\WindowsApps;C:\Users\ritik\AppData\Local\Programs\Microsoft VS Code\bin;C:\MinGW\bin;C:\Program Files\Java\jdk-24\bin;C:\Program Files\MongoDB\Server\7.0\bin;C:\Users\ritik\AppData\Local\Programs\Microsoft VS Code\bin;C:\Users\ritik\AppData\Roaming\npm;C:\Program Files\nodejs\node_modules\npm\bin;C:\Users\ritik\AppData\Local\Programs\cursor\resources\app\bin;;D:\apps\IntelliJ IDEA 2025.1.3\bin;;D:\apps\IntelliJ IDEA Community Edition 2025.1.3\bin;
USERNAME=ritik
OS=Windows_NT
PROCESSOR_IDENTIFIER=AMD64 Family 25 Model 80 Stepping 0, AuthenticAMD



---------------  S Y S T E M  ---------------

OS: Windows 11 , 64 bit Build 22621 (10.0.22621.5415)

CPU:total 12 (initial active 12) (12 cores per cpu, 1 threads per core) family 25 model 80 stepping 0, cmov, cx8, fxsr, mmx, sse, sse2, sse3, ssse3, sse4.1, sse4.2, popcnt, avx, avx2, aes, clmul, erms, mmxext, 3dnowpref, lzcnt, sse4a, tsc, tscinvbit, tscinv, bmi1

Memory: 4k page, physical 14528572k(2393208k free), swap 16625724k(4256k free)

vm_info: Java HotSpot(TM) 64-Bit Server VM (25.451-b10) for windows-amd64 JRE (1.8.0_451-b10), built on Apr  5 2025 03:18:54 by "java_re" with MS VC++ 17.6 (VS2022)

time: Wed Aug 13 15:47:20 2025
timezone: India Standard Time
elapsed time: 0.087001 seconds (0d 0h 0m 0s)

